<?xml version="1.0" encoding="UTF-8"?>
<!-- Generated by org.testng.reporters.JUnitReportReporter -->
<testsuite hostname="DESKTOP-BD6P1VU" failures="0" tests="1" name="iteams.iteamsPrices" time="0.152" errors="0" timestamp="2023-11-29T15:37:50 EET" skipped="0">
  <testcase classname="iteams.iteamsPrices" name="PriceReview" time="0.152"/>
  <system-out/>
</testsuite> <!-- iteams.iteamsPrices -->
